<?xml version="1.0" encoding="UTF-8"?>
<!-- Generated by org.testng.reporters.JUnitXMLReporter -->
<testsuite ignored="0" hostname="CSCO-W-PF34LW30" failures="0" tests="5" name="Default test" time="2.693" errors="0" timestamp="2022-04-03T20:54:54 IST">
  <testcase classname="com.listeners.FlightBooking" name="Registrationpage" time="1.707"/>
  <testcase classname="com.listeners.FlightBooking" name="Clicks_signup" time="0.383"/>
  <testcase classname="com.listeners.FlightBooking" name="homepage" time="0.084"/>
  <testcase classname="com.listeners.FlightBooking" name="login_successfully" time="0.141"/>
  <testcase classname="com.listeners.FlightBooking" name="Flight_Booking_Details" time="0.339"/>
</testsuite> <!-- Default test -->
